<?xml version="1.0" encoding="UTF-8"?>
<!-- Generated by org.testng.reporters.JUnitXMLReporter -->
<testsuite ignored="0" hostname="Sam" failures="1" tests="6" name="Surefire test" time="45.6" errors="0" timestamp="2025-11-17T10:41:18 IST">
  <testcase classname="seleniumFramework.testScripts.ErrorValidationsTest" name="LoginErrorValidation" time="1.395">
    <skipped/>
  </testcase> <!-- LoginErrorValidation -->
  <testcase classname="seleniumFramework.testScripts.ErrorValidationsTest" name="LoginErrorValidation" time="1.176">
    <failure type="java.lang.AssertionError" message="expected [Incorrect email or password.] but found [Incorrect email password.]">
      <![CDATA[java.lang.AssertionError: expected [Incorrect email or password.] but found [Incorrect email password.]
at seleniumFramework.testScripts.ErrorValidationsTest.LoginErrorValidation(ErrorValidationsTest.java:23)
at java.base/java.util.ArrayList.forEach(ArrayList.java:1596)
... Removed 36 stack frames]]>
    </failure>
  </testcase> <!-- LoginErrorValidation -->
  <testcase classname="seleniumFramework.testScripts.ErrorValidationsTest" name="ProductErrorValidation" time="3.703"/>
  <testcase classname="seleniumFramework.testScripts.SubmitOrderTest" name="SubmitOrder" time="9.06"/>
  <testcase classname="seleniumFramework.testScripts.SubmitOrderTest" name="SubmitOrder" time="6.667"/>
  <testcase classname="seleniumFramework.testScripts.SubmitOrderTest" name="OrderHistoryTest" time="1.591"/>
</testsuite> <!-- Surefire test -->
