<?xml version="1.0" encoding="UTF-8"?>
<!-- Generated by org.testng.reporters.JUnitXMLReporter -->
<testsuite ignored="0" hostname="Sam" failures="0" tests="2" name="Default test" time="11.601" errors="0" timestamp="2025-11-15T11:02:32 IST">
  <testcase classname="seleniumFramework.testScripts.ErrorValidationsTest" name="LoginErrorValidation" time="0.757"/>
  <testcase classname="seleniumFramework.testScripts.ErrorValidationsTest" name="ProductErrorValidation" time="4.051"/>
</testsuite> <!-- Default test -->
