<?xml version="1.0" encoding="UTF-8"?>
<!-- Generated by org.testng.reporters.JUnitXMLReporter -->
<testsuite ignored="0" hostname="Sam" failures="1" tests="3" name="Error Validations Tests" time="29.23" errors="0" timestamp="2025-11-15T15:23:53 IST">
  <testcase classname="seleniumFramework.testScripts.ErrorValidationsTest" name="LoginErrorValidation" time="1.988">
    <skipped/>
  </testcase> <!-- LoginErrorValidation -->
  <testcase classname="seleniumFramework.testScripts.ErrorValidationsTest" name="LoginErrorValidation" time="1.112">
    <failure type="java.lang.AssertionError" message="expected [Incorrect email or password.] but found [Incorrect email password.]">
      <![CDATA[java.lang.AssertionError: expected [Incorrect email or password.] but found [Incorrect email password.]
at seleniumFramework.testScripts.ErrorValidationsTest.LoginErrorValidation(ErrorValidationsTest.java:23)
at java.base/java.util.ArrayList.forEach(ArrayList.java:1596)
at java.base/java.util.concurrent.FutureTask.run(FutureTask.java:317)
at java.base/java.util.concurrent.ThreadPoolExecutor.runWorker(ThreadPoolExecutor.java:1144)
at java.base/java.util.concurrent.ThreadPoolExecutor$Worker.run(ThreadPoolExecutor.java:642)
at java.base/java.lang.Thread.run(Thread.java:1583)
... Removed 21 stack frames]]>
    </failure>
  </testcase> <!-- LoginErrorValidation -->
  <testcase classname="seleniumFramework.testScripts.ErrorValidationsTest" name="ProductErrorValidation" time="8.561"/>
</testsuite> <!-- Error Validations Tests -->
