<?xml version="1.0" encoding="UTF-8"?>
<!-- Generated by org.testng.reporters.JUnitXMLReporter -->
<testsuite ignored="0" hostname="Sam" failures="0" tests="3" name="Submit Order Test" time="42.419" errors="0" timestamp="2025-11-15T15:24:04 IST">
  <testcase classname="seleniumFramework.testScripts.SubmitOrderTest" name="SubmitOrder" time="9.467"/>
  <testcase classname="seleniumFramework.testScripts.SubmitOrderTest" name="SubmitOrder" time="13.592"/>
  <testcase classname="seleniumFramework.testScripts.SubmitOrderTest" name="OrderHistoryTest" time="2.292"/>
</testsuite> <!-- Submit Order Test -->
