<?xml version="1.0" encoding="UTF-8"?>
<!-- Generated by org.testng.reporters.JUnitXMLReporter -->
<testsuite ignored="0" hostname="Sam" failures="0" tests="2" name="Error Validations Tests" time="25.229" errors="0" timestamp="2025-12-31T13:26:41 IST">
  <testcase classname="seleniumFramework.testScripts.ErrorValidationsTest" name="LoginErrorValidation" time="1.757"/>
  <testcase classname="seleniumFramework.testScripts.ErrorValidationsTest" name="ProductErrorValidation" time="6.544"/>
</testsuite> <!-- Error Validations Tests -->
