<?xml version="1.0" encoding="UTF-8"?>
<!-- Generated by org.testng.reporters.JUnitXMLReporter -->
<testsuite ignored="0" hostname="Sam" failures="0" tests="3" name="Submit Order Test" time="35.081" errors="0" timestamp="2025-12-31T13:26:50 IST">
  <testcase classname="seleniumFramework.testScripts.SubmitOrderTest" name="SubmitOrder" time="8.22"/>
  <testcase classname="seleniumFramework.testScripts.SubmitOrderTest" name="SubmitOrder" time="6.202"/>
  <testcase classname="seleniumFramework.testScripts.SubmitOrderTest" name="OrderHistoryTest" time="1.506"/>
</testsuite> <!-- Submit Order Test -->
