<?xml version="1.0" encoding="UTF-8"?>
<testng-results ignored="0" total="5" passed="5" failed="0" skipped="0">
  <reporter-output>
  </reporter-output>
  <suite started-at="2025-12-31T13:26:15 IST" name="Suite" finished-at="2025-12-31T13:26:50 IST" duration-ms="35081">
    <groups>
      <group name="ErrorHandling">
        <method signature="ErrorValidationsTest.LoginErrorValidation()[pri:0, instance:seleniumFramework.testScripts.ErrorValidationsTest@448c8166]" name="LoginErrorValidation" class="seleniumFramework.testScripts.ErrorValidationsTest"/>
      </group> <!-- ErrorHandling -->
      <group name="Purchase">
        <method signature="SubmitOrderTest.SubmitOrder(java.util.HashMap)[pri:0, instance:seleniumFramework.testScripts.SubmitOrderTest@480d3575]" name="SubmitOrder" class="seleniumFramework.testScripts.SubmitOrderTest"/>
      </group> <!-- Purchase -->
    </groups>
    <test started-at="2025-12-31T13:26:15 IST" name="Error Validations Tests" finished-at="2025-12-31T13:26:40 IST" duration-ms="25229">
      <class name="seleniumFramework.testScripts.ErrorValidationsTest">
        <test-method is-config="true" signature="launchApplication()[pri:0, instance:seleniumFramework.testScripts.ErrorValidationsTest@448c8166]" started-at="2025-12-31T13:26:15 IST" name="launchApplication" finished-at="2025-12-31T13:26:24 IST" duration-ms="9262" status="PASS">
          <reporter-output>
          </reporter-output>
        </test-method> <!-- launchApplication -->
        <test-method signature="LoginErrorValidation()[pri:0, instance:seleniumFramework.testScripts.ErrorValidationsTest@448c8166]" started-at="2025-12-31T13:26:24 IST" name="LoginErrorValidation" finished-at="2025-12-31T13:26:26 IST" duration-ms="1757" status="PASS">
          <reporter-output>
          </reporter-output>
        </test-method> <!-- LoginErrorValidation -->
        <test-method is-config="true" signature="tearDown()[pri:0, instance:seleniumFramework.testScripts.ErrorValidationsTest@448c8166]" started-at="2025-12-31T13:26:26 IST" name="tearDown" finished-at="2025-12-31T13:26:26 IST" duration-ms="654" status="PASS">
          <reporter-output>
          </reporter-output>
        </test-method> <!-- tearDown -->
        <test-method is-config="true" signature="launchApplication()[pri:0, instance:seleniumFramework.testScripts.ErrorValidationsTest@448c8166]" started-at="2025-12-31T13:26:26 IST" name="launchApplication" finished-at="2025-12-31T13:26:32 IST" duration-ms="5811" status="PASS">
          <reporter-output>
          </reporter-output>
        </test-method> <!-- launchApplication -->
        <test-method signature="ProductErrorValidation()[pri:0, instance:seleniumFramework.testScripts.ErrorValidationsTest@448c8166]" started-at="2025-12-31T13:26:32 IST" name="ProductErrorValidation" finished-at="2025-12-31T13:26:39 IST" duration-ms="6544" status="PASS">
          <reporter-output>
          </reporter-output>
        </test-method> <!-- ProductErrorValidation -->
        <test-method is-config="true" signature="tearDown()[pri:0, instance:seleniumFramework.testScripts.ErrorValidationsTest@448c8166]" started-at="2025-12-31T13:26:39 IST" name="tearDown" finished-at="2025-12-31T13:26:40 IST" duration-ms="1097" status="PASS">
          <reporter-output>
          </reporter-output>
        </test-method> <!-- tearDown -->
      </class> <!-- seleniumFramework.testScripts.ErrorValidationsTest -->
    </test> <!-- Error Validations Tests -->
    <test started-at="2025-12-31T13:26:15 IST" name="Submit Order Test" finished-at="2025-12-31T13:26:50 IST" duration-ms="35081">
      <class name="seleniumFramework.testScripts.SubmitOrderTest">
        <test-method is-config="true" signature="launchApplication()[pri:0, instance:seleniumFramework.testScripts.SubmitOrderTest@480d3575]" started-at="2025-12-31T13:26:15 IST" name="launchApplication" finished-at="2025-12-31T13:26:24 IST" duration-ms="8865" status="PASS">
          <reporter-output>
          </reporter-output>
        </test-method> <!-- launchApplication -->
        <test-method signature="SubmitOrder(java.util.HashMap)[pri:0, instance:seleniumFramework.testScripts.SubmitOrderTest@480d3575]" started-at="2025-12-31T13:26:24 IST" name="SubmitOrder" data-provider="getData" finished-at="2025-12-31T13:26:32 IST" duration-ms="8220" status="PASS">
          <params>
            <param index="0">
              <value>
                <![CDATA[{password=Sam@123456789, productName=ZARA COAT 3, Email=samsk@gmail.com}]]>
              </value>
            </param>
          </params>
          <reporter-output>
          </reporter-output>
        </test-method> <!-- SubmitOrder -->
        <test-method is-config="true" signature="tearDown()[pri:0, instance:seleniumFramework.testScripts.SubmitOrderTest@480d3575]" started-at="2025-12-31T13:26:32 IST" name="tearDown" finished-at="2025-12-31T13:26:33 IST" duration-ms="716" status="PASS">
          <reporter-output>
          </reporter-output>
        </test-method> <!-- tearDown -->
        <test-method is-config="true" signature="launchApplication()[pri:0, instance:seleniumFramework.testScripts.SubmitOrderTest@480d3575]" started-at="2025-12-31T13:26:33 IST" name="launchApplication" finished-at="2025-12-31T13:26:38 IST" duration-ms="4774" status="PASS">
          <reporter-output>
          </reporter-output>
        </test-method> <!-- launchApplication -->
        <test-method signature="SubmitOrder(java.util.HashMap)[pri:0, instance:seleniumFramework.testScripts.SubmitOrderTest@480d3575]" started-at="2025-12-31T13:26:38 IST" name="SubmitOrder" data-provider="getData" finished-at="2025-12-31T13:26:44 IST" duration-ms="6202" status="PASS">
          <params>
            <param index="0">
              <value>
                <![CDATA[{password=Sam@123456789, productName=ADIDAS ORIGINAL, Email=samskr@gmail.com}]]>
              </value>
            </param>
          </params>
          <reporter-output>
          </reporter-output>
        </test-method> <!-- SubmitOrder -->
        <test-method is-config="true" signature="tearDown()[pri:0, instance:seleniumFramework.testScripts.SubmitOrderTest@480d3575]" started-at="2025-12-31T13:26:44 IST" name="tearDown" finished-at="2025-12-31T13:26:44 IST" duration-ms="267" status="PASS">
          <reporter-output>
          </reporter-output>
        </test-method> <!-- tearDown -->
        <test-method is-config="true" signature="launchApplication()[pri:0, instance:seleniumFramework.testScripts.SubmitOrderTest@480d3575]" started-at="2025-12-31T13:26:44 IST" name="launchApplication" finished-at="2025-12-31T13:26:48 IST" duration-ms="3866" status="PASS">
          <reporter-output>
          </reporter-output>
        </test-method> <!-- launchApplication -->
        <test-method signature="OrderHistoryTest()[pri:0, instance:seleniumFramework.testScripts.SubmitOrderTest@480d3575]" started-at="2025-12-31T13:26:48 IST" name="OrderHistoryTest" finished-at="2025-12-31T13:26:50 IST" depends-on-methods="seleniumFramework.testScripts.SubmitOrderTest.SubmitOrder" duration-ms="1506" status="PASS">
          <reporter-output>
          </reporter-output>
        </test-method> <!-- OrderHistoryTest -->
        <test-method is-config="true" signature="tearDown()[pri:0, instance:seleniumFramework.testScripts.SubmitOrderTest@480d3575]" started-at="2025-12-31T13:26:50 IST" name="tearDown" finished-at="2025-12-31T13:26:50 IST" duration-ms="224" status="PASS">
          <reporter-output>
          </reporter-output>
        </test-method> <!-- tearDown -->
      </class> <!-- seleniumFramework.testScripts.SubmitOrderTest -->
    </test> <!-- Submit Order Test -->
  </suite> <!-- Suite -->
</testng-results>
