<?xml version="1.0" encoding="UTF-8"?>
<!-- Generated by org.testng.reporters.JUnitReportReporter -->
<testsuite hostname="Sam" failures="0" tests="3" name="seleniumFramework.testScripts.SubmitOrderTest" time="42.101" errors="0" timestamp="2025-11-15T15:24:05 IST" skipped="0">
  <testcase classname="seleniumFramework.testScripts.SubmitOrderTest" name="SubmitOrder" time="13.059"/>
  <testcase classname="seleniumFramework.testScripts.SubmitOrderTest" name="SubmitOrder" time="19.700"/>
  <testcase classname="seleniumFramework.testScripts.SubmitOrderTest" name="OrderHistoryTest" time="9.342"/>
</testsuite> <!-- seleniumFramework.testScripts.SubmitOrderTest -->
