<?xml version="1.0" encoding="UTF-8"?>
<!-- Generated by org.testng.reporters.JUnitReportReporter -->
<testsuite hostname="Sam" failures="0" tests="3" name="seleniumFramework.testScripts.SubmitOrderTest" time="34.640" errors="0" timestamp="2025-12-31T13:26:50 IST" skipped="0">
  <testcase classname="seleniumFramework.testScripts.SubmitOrderTest" name="OrderHistoryTest" time="6.504"/>
  <testcase classname="seleniumFramework.testScripts.SubmitOrderTest" name="SubmitOrder" time="12.802"/>
  <testcase classname="seleniumFramework.testScripts.SubmitOrderTest" name="SubmitOrder" time="15.334"/>
</testsuite> <!-- seleniumFramework.testScripts.SubmitOrderTest -->
