<?xml version="1.0" encoding="UTF-8"?>
<!-- Generated by org.testng.reporters.JUnitReportReporter -->
<testsuite hostname="Sam" failures="0" tests="2" name="seleniumFramework.testScripts.ErrorValidationsTest" time="25.125" errors="0" timestamp="2025-12-31T13:26:50 IST" skipped="0">
  <testcase classname="seleniumFramework.testScripts.ErrorValidationsTest" name="ProductErrorValidation" time="16.903"/>
  <testcase classname="seleniumFramework.testScripts.ErrorValidationsTest" name="LoginErrorValidation" time="8.222"/>
</testsuite> <!-- seleniumFramework.testScripts.ErrorValidationsTest -->
